--------------------------------------------------------------------
This file contains some output information regarding the preperation
process of the protein for spherical boundary conditions in Q.

The command line input was:
protPREP.py -p 6b0t-p.pdb -r 25 -c 7.371:18.433:-4.828 -w=False -V=False

Date:                                            2021-11-04 09:11:58
Inputfile:                                                6b0t-p.pdb
Sphere center:                               7.371   18.433   -4.828
Sphere radius:                                                  25.0
Total charge in sphere:                                            0
--------------------------------------------------------------------
The following residues have been decharged:
Q_RESN    PDB_IN    CHAIN     RESNAME   
16        22        A         LYS       
21        27        A         GLU       
26        32        A         LYS       
35        41        A         LYS       
36        42        A         LYS       
37        43        A         LYS       
48        54        A         GLU       
62        68        A         ARG       
67        73        A         ASP       
68        74        A         LYS       
69        75        A         ASP       
75        81        A         GLU       
77        83        A         GLU       
110       116       A         GLU       
111       117       A         ASP       
112       118       A         ARG       
143       149       A         ARG       
144       150       A         LYS       
145       151       A         ARG       
152       158       A         ARG       
155       161       A         ASP       
156       162       A         GLU       
160       166       A         ASP       
161       167       A         ARG       
162       168       A         ASP       
168       174       A         ASP       
186       192       A         ASP       
188       194       A         ARG       
191       197       A         ARG       
193       199       A         ASP       
195       201       A         ARG       
199       205       A         ARG       
201       207       A         GLU       
235       241       A         LYS       
238       244       A         LYS       
244       250       A         LYS       
245       251       A         ASP       
264       270       A         GLU       
265       271       A         ARG       
270       276       A         ARG       
274       280       A         ASP       
280       286       A         ASP       
281       287       A         GLU       
282       288       A         GLU       
284       290       A         ASP       
286       292       A         GLU       
291       297       A         GLU       
293       299       A         ASP       
294       300       A         ARG       
295       301       A         ASP       
297       303       A         LYS       
298       304       A         LYS       
302       308       A         ARG       
307       313       A         LYS       
324       330       A         LYS       
331       337       A         ASP       
333       339       A         GLU       
335       341       A         ARG       
336       342       A         ASP       
337       343       A         ARG       
338       344       A         ARG       
342       348       A         ARG       
347       353       A         LYS       
352       358       A         LYS       
353       359       A         LYS       
362       368       A         GLU       
366       372       A         ASP       
368       374       A         GLU       
373       379       A         LYS       
377       383       A         ARG       
385       391       A         GLU       
392       398       A         ARG       
393       399       A         LYS       
399       405       A         ASP       
402       408       A         ARG       
406       412       A         ASP       
411       417       A         GLU       
414       420       A         ASP       
420       426       A         LYS       
421       427       A         ASP       
425       431       A         LYS       
432       438       A         ASP       
440       446       A         ASP       
444       450       A         ASP       
448       454       A         GLU       
451       457       A         ASP       
454       460       A         LYS       
458       464       A         LYS       
462       468       A         ARG       
465       471       A         LYS       
467       473       A         ASP       
473       479       A         LYS       
477       483       A         GLU       
480       486       A         ASP       
486       492       A         GLU       
--------------------------------------------------------------------
The following charged residues are in the sphere:
Q_RESN    PDB_IN    CHAIN     RESNAME   
2         8         A         GLU       
43        49        A         GLU       
47        53        A         ASP       
57        63        A         ARG       
76        82        A         ARG       
82        88        A         ASP       
84        90        A         ARG       
91        97        A         ASP       
92        98        A         ASP       
94        100       A         ARG       
100       106       A         GLU       
103       109       A         ARG       
104       110       A         ARG       
124       130       A         GLU       
125       131       A         LYS       
177       183       A         ASP       
179       185       A         ARG       
209       215       A         GLU       
211       217       A         ARG       
214       220       A         LYS       
218       224       A         ARG       
219       225       A         ASP       
221       227       A         GLU       
223       229       A         ARG       
241       247       A         LYS       
246       252       A         GLU       
251       257       A         GLU       
383       389       A         ARG       
--------------------------------------------------------------------
The following S-S bonds have been found:
Q_CYS1    Q_CYS2    PDB_CYS1  CHAIN     PDB_CYS2  CHAIN     
--------------------------------------------------------------------
The following is a mapping of residue numbers in Q and the input 
pdbfile "6b0t-p.pdb":
Q_RESN    PDB_IN    CHAIN     RESNAME   
1         7         A         ALA       
2         8         A         GLU       
3         9         A         ALA       
4         10        A         VAL       
5         11        A         GLN       
6         12        A         ILE       
7         13        A         GLN       
8         14        A         PHE       
10        16        A         LEU       
11        17        A         ILE       
12        18        A         ASN       
13        19        A         CYS       
15        21        A         ASN       
16        22        A         LYN       
17        23        A         TYR       
18        24        A         LEU       
19        25        A         THR       
20        26        A         ALA       
21        27        A         GLH       
22        28        A         ALA       
23        29        A         PHE       
25        31        A         PHE       
26        32        A         LYN       
27        33        A         VAL       
28        34        A         ASN       
29        35        A         ALA       
30        36        A         SER       
31        37        A         ALA       
32        38        A         SER       
33        39        A         SER       
34        40        A         LEU       
35        41        A         LYN       
36        42        A         LYN       
37        43        A         LYN       
38        44        A         GLN       
39        45        A         ILE       
40        46        A         TRP       
41        47        A         THR       
42        48        A         LEU       
43        49        A         GLU       
44        50        A         GLN       
45        51        A         PRO       
46        52        A         PRO       
47        53        A         ASP       
48        54        A         GLH       
49        55        A         ALA       
51        57        A         SER       
52        58        A         ALA       
53        59        A         ALA       
54        60        A         VAL       
55        61        A         CYS       
56        62        A         LEU       
57        63        A         ARG       
58        64        A         SER       
59        65        A         HIE       
60        66        A         LEU       
62        68        A         ARN       
63        69        A         TYR       
64        70        A         LEU       
65        71        A         ALA       
66        72        A         ALA       
67        73        A         ASH       
68        74        A         LYN       
69        75        A         ASH       
71        77        A         ASN       
72        78        A         VAL       
73        79        A         THR       
74        80        A         CYS       
75        81        A         GLH       
76        82        A         ARG       
77        83        A         GLH       
78        84        A         VAL       
79        85        A         PRO       
81        87        A         PRO       
82        88        A         ASP       
83        89        A         CYS       
84        90        A         ARG       
85        91        A         PHE       
86        92        A         LEU       
87        93        A         ILE       
88        94        A         VAL       
89        95        A         ALA       
90        96        A         HIE       
91        97        A         ASP       
92        98        A         ASP       
94        100       A         ARG       
95        101       A         TRP       
96        102       A         SER       
97        103       A         LEU       
98        104       A         GLN       
99        105       A         SER       
100       106       A         GLU       
101       107       A         ALA       
102       108       A         HIE       
103       109       A         ARG       
104       110       A         ARG       
105       111       A         TYR       
106       112       A         PHE       
109       115       A         THR       
110       116       A         GLH       
111       117       A         ASH       
112       118       A         ARN       
113       119       A         LEU       
114       120       A         SER       
115       121       A         CYS       
116       122       A         PHE       
117       123       A         ALA       
118       124       A         GLN       
119       125       A         THR       
120       126       A         VAL       
121       127       A         SER       
122       128       A         PRO       
123       129       A         ALA       
124       130       A         GLU       
125       131       A         LYS       
126       132       A         TRP       
127       133       A         SER       
128       134       A         VAL       
129       135       A         HID       
130       136       A         ILE       
131       137       A         ALA       
132       138       A         MET       
133       139       A         HIE       
134       140       A         PRO       
135       141       A         GLN       
136       142       A         VAL       
137       143       A         ASN       
138       144       A         ILE       
139       145       A         TYR       
140       146       A         SER       
141       147       A         VAL       
142       148       A         THR       
143       149       A         ARN       
144       150       A         LYN       
145       151       A         ARN       
146       152       A         TYR       
147       153       A         ALA       
148       154       A         HIE       
149       155       A         LEU       
150       156       A         SER       
151       157       A         ALA       
152       158       A         ARN       
153       159       A         PRO       
154       160       A         ALA       
155       161       A         ASH       
156       162       A         GLH       
157       163       A         ILE       
158       164       A         ALA       
159       165       A         VAL       
160       166       A         ASH       
161       167       A         ARN       
162       168       A         ASH       
163       169       A         VAL       
164       170       A         PRO       
165       171       A         TRP       
167       173       A         VAL       
168       174       A         ASH       
169       175       A         SER       
170       176       A         LEU       
171       177       A         ILE       
172       178       A         THR       
173       179       A         LEU       
174       180       A         ALA       
175       181       A         PHE       
176       182       A         GLN       
177       183       A         ASP       
178       184       A         GLN       
179       185       A         ARG       
180       186       A         TYR       
181       187       A         SER       
182       188       A         VAL       
183       189       A         GLN       
184       190       A         THR       
185       191       A         ALA       
186       192       A         ASH       
187       193       A         HID       
188       194       A         ARN       
189       195       A         PHE       
190       196       A         LEU       
191       197       A         ARN       
192       198       A         HID       
193       199       A         ASH       
195       201       A         ARN       
196       202       A         LEU       
197       203       A         VAL       
198       204       A         ALA       
199       205       A         ARN       
200       206       A         PRO       
201       207       A         GLH       
202       208       A         PRO       
203       209       A         ALA       
204       210       A         THR       
206       212       A         TYR       
207       213       A         THR       
208       214       A         LEU       
209       215       A         GLU       
210       216       A         PHE       
211       217       A         ARG       
212       218       A         SER       
214       220       A         LYS       
215       221       A         VAL       
216       222       A         ALA       
217       223       A         PHE       
218       224       A         ARG       
219       225       A         ASP       
220       226       A         CYS       
221       227       A         GLU       
223       229       A         ARG       
224       230       A         TYR       
225       231       A         LEU       
226       232       A         ALA       
227       233       A         PRO       
228       234       A         SER       
230       236       A         PRO       
231       237       A         SER       
233       239       A         THR       
234       240       A         LEU       
235       241       A         LYN       
236       242       A         ALA       
238       244       A         LYN       
239       245       A         ALA       
240       246       A         THR       
241       247       A         LYS       
242       248       A         VAL       
244       250       A         LYN       
245       251       A         ASH       
246       252       A         GLU       
247       253       A         LEU       
248       254       A         PHE       
249       255       A         ALA       
250       256       A         LEU       
251       257       A         GLU       
252       258       A         GLN       
253       259       A         SER       
254       260       A         CYS       
255       261       A         ALA       
256       262       A         GLN       
257       263       A         VAL       
258       264       A         VAL       
259       265       A         LEU       
260       266       A         GLN       
261       267       A         ALA       
262       268       A         ALA       
263       269       A         ASN       
264       270       A         GLH       
265       271       A         ARN       
266       272       A         ASN       
267       273       A         VAL       
268       274       A         SER       
269       275       A         THR       
270       276       A         ARN       
271       277       A         GLN       
273       279       A         MET       
274       280       A         ASH       
275       281       A         LEU       
276       282       A         SER       
277       283       A         ALA       
278       284       A         ASN       
279       285       A         GLN       
280       286       A         ASH       
281       287       A         GLH       
282       288       A         GLH       
283       289       A         THR       
284       290       A         ASH       
285       291       A         GLN       
286       292       A         GLH       
287       293       A         THR       
288       294       A         PHE       
289       295       A         GLN       
290       296       A         LEU       
291       297       A         GLH       
292       298       A         ILE       
293       299       A         ASH       
294       300       A         ARN       
295       301       A         ASH       
296       302       A         THR       
297       303       A         LYN       
298       304       A         LYN       
299       305       A         CYS       
300       306       A         ALA       
301       307       A         PHE       
302       308       A         ARN       
303       309       A         THR       
304       310       A         HID       
305       311       A         THR       
307       313       A         LYN       
308       314       A         TYR       
309       315       A         TRP       
310       316       A         THR       
311       317       A         LEU       
312       318       A         THR       
313       319       A         ALA       
314       320       A         THR       
317       323       A         VAL       
318       324       A         GLN       
319       325       A         SER       
320       326       A         THR       
321       327       A         ALA       
322       328       A         SER       
323       329       A         SER       
324       330       A         LYN       
325       331       A         ASN       
326       332       A         ALA       
327       333       A         SER       
328       334       A         CYS       
329       335       A         TYR       
330       336       A         PHE       
331       337       A         ASH       
332       338       A         ILE       
333       339       A         GLH       
334       340       A         TRP       
335       341       A         ARN       
336       342       A         ASH       
337       343       A         ARN       
338       344       A         ARN       
339       345       A         ILE       
340       346       A         THR       
341       347       A         LEU       
342       348       A         ARN       
343       349       A         ALA       
344       350       A         SER       
345       351       A         ASN       
347       353       A         LYN       
348       354       A         PHE       
349       355       A         VAL       
350       356       A         THR       
351       357       A         SER       
352       358       A         LYN       
353       359       A         LYN       
354       360       A         ASN       
356       362       A         GLN       
357       363       A         LEU       
358       364       A         ALA       
359       365       A         ALA       
360       366       A         SER       
361       367       A         VAL       
362       368       A         GLH       
363       369       A         THR       
364       370       A         ALA       
366       372       A         ASH       
367       373       A         SER       
368       374       A         GLH       
369       375       A         LEU       
370       376       A         PHE       
371       377       A         LEU       
372       378       A         MET       
373       379       A         LYN       
374       380       A         LEU       
375       381       A         ILE       
376       382       A         ASN       
377       383       A         ARN       
378       384       A         PRO       
379       385       A         ILE       
380       386       A         ILE       
381       387       A         VAL       
382       388       A         PHE       
383       389       A         ARG       
385       391       A         GLH       
386       392       A         HIE       
388       394       A         PHE       
389       395       A         ILE       
391       397       A         CYS       
392       398       A         ARN       
393       399       A         LYN       
394       400       A         VAL       
395       401       A         THR       
397       403       A         THR       
398       404       A         LEU       
399       405       A         ASH       
400       406       A         ALA       
401       407       A         ASN       
402       408       A         ARN       
403       409       A         SER       
404       410       A         SER       
405       411       A         TYR       
406       412       A         ASH       
407       413       A         VAL       
408       414       A         PHE       
409       415       A         GLN       
410       416       A         LEU       
411       417       A         GLH       
412       418       A         PHE       
413       419       A         ASN       
414       420       A         ASH       
416       422       A         ALA       
417       423       A         TYR       
418       424       A         ASN       
419       425       A         ILE       
420       426       A         LYN       
421       427       A         ASH       
422       428       A         SER       
423       429       A         THR       
425       431       A         LYN       
426       432       A         TYR       
427       433       A         TRP       
428       434       A         THR       
429       435       A         VAL       
431       437       A         SER       
432       438       A         ASH       
433       439       A         SER       
434       440       A         ALA       
435       441       A         VAL       
436       442       A         THR       
437       443       A         SER       
438       444       A         SER       
440       446       A         ASH       
441       447       A         THR       
442       448       A         PRO       
443       449       A         VAL       
444       450       A         ASH       
445       451       A         PHE       
446       452       A         PHE       
447       453       A         PHE       
448       454       A         GLH       
449       455       A         PHE       
450       456       A         CYS       
451       457       A         ASH       
452       458       A         TYR       
453       459       A         ASN       
454       460       A         LYN       
455       461       A         VAL       
456       462       A         ALA       
457       463       A         ILE       
458       464       A         LYN       
459       465       A         VAL       
462       468       A         ARN       
463       469       A         TYR       
464       470       A         LEU       
465       471       A         LYN       
467       473       A         ASH       
468       474       A         HIE       
469       475       A         ALA       
471       477       A         VAL       
472       478       A         LEU       
473       479       A         LYN       
474       480       A         ALA       
475       481       A         SER       
476       482       A         ALA       
477       483       A         GLH       
478       484       A         THR       
479       485       A         VAL       
480       486       A         ASH       
481       487       A         PRO       
482       488       A         ALA       
483       489       A         SER       
484       490       A         LEU       
485       491       A         TRP       
486       492       A         GLH       
487       493       A         CTYR      
